<?xml version="1.0" encoding="UTF-8"?>
<testng-results ignored="0" total="5" passed="5" failed="0" skipped="0">
  <reporter-output>
  </reporter-output>
  <suite started-at="2025-12-15T23:40:33 IST" name="SeleniumJavaTestNGDemo Suite" finished-at="2025-12-15T23:45:01 IST" duration-ms="268138">
    <groups>
    </groups>
    <test started-at="2025-12-15T23:40:33 IST" name="Demo Tests" finished-at="2025-12-15T23:45:01 IST" duration-ms="268138">
      <class name="tests.LoginTest">
        <test-method is-config="true" signature="setUp()[pri:0, instance:tests.LoginTest@2b6faea6]" started-at="2025-12-15T23:40:33 IST" name="setUp" finished-at="2025-12-15T23:40:34 IST" duration-ms="1734" status="PASS">
          <reporter-output>
          </reporter-output>
        </test-method> <!-- setUp -->
        <test-method signature="validLoginTest()[pri:0, instance:tests.LoginTest@2b6faea6]" started-at="2025-12-15T23:40:34 IST" name="validLoginTest" finished-at="2025-12-15T23:41:21 IST" duration-ms="46310" status="PASS">
          <reporter-output>
          </reporter-output>
        </test-method> <!-- validLoginTest -->
        <test-method is-config="true" signature="tearDown()[pri:0, instance:tests.LoginTest@2b6faea6]" started-at="2025-12-15T23:41:21 IST" name="tearDown" finished-at="2025-12-15T23:41:21 IST" duration-ms="108" status="PASS">
          <reporter-output>
          </reporter-output>
        </test-method> <!-- tearDown -->
      </class> <!-- tests.LoginTest -->
      <class name="tests.PIMAddEmployeeTest">
        <test-method is-config="true" signature="setUp()[pri:0, instance:tests.PIMAddEmployeeTest@bef2d72]" started-at="2025-12-15T23:42:52 IST" name="setUp" finished-at="2025-12-15T23:42:53 IST" duration-ms="1057" status="PASS">
          <reporter-output>
          </reporter-output>
        </test-method> <!-- setUp -->
        <test-method signature="addEmployeeTest()[pri:0, instance:tests.PIMAddEmployeeTest@bef2d72]" started-at="2025-12-15T23:42:53 IST" name="addEmployeeTest" finished-at="2025-12-15T23:44:13 IST" duration-ms="79818" status="PASS">
          <reporter-output>
          </reporter-output>
        </test-method> <!-- addEmployeeTest -->
        <test-method is-config="true" signature="tearDown()[pri:0, instance:tests.PIMAddEmployeeTest@bef2d72]" started-at="2025-12-15T23:44:13 IST" name="tearDown" finished-at="2025-12-15T23:44:13 IST" duration-ms="107" status="PASS">
          <reporter-output>
          </reporter-output>
        </test-method> <!-- tearDown -->
      </class> <!-- tests.PIMAddEmployeeTest -->
      <class name="tests.DashboardValidationTest">
        <test-method is-config="true" signature="setUp()[pri:0, instance:tests.DashboardValidationTest@69b2283a]" started-at="2025-12-15T23:44:13 IST" name="setUp" finished-at="2025-12-15T23:44:15 IST" duration-ms="1138" status="PASS">
          <reporter-output>
          </reporter-output>
        </test-method> <!-- setUp -->
        <test-method signature="dashboardTitleTest()[pri:0, instance:tests.DashboardValidationTest@69b2283a]" started-at="2025-12-15T23:44:15 IST" name="dashboardTitleTest" finished-at="2025-12-15T23:45:01 IST" duration-ms="46145" status="PASS">
          <reporter-output>
          </reporter-output>
        </test-method> <!-- dashboardTitleTest -->
        <test-method is-config="true" signature="tearDown()[pri:0, instance:tests.DashboardValidationTest@69b2283a]" started-at="2025-12-15T23:45:01 IST" name="tearDown" finished-at="2025-12-15T23:45:01 IST" duration-ms="110" status="PASS">
          <reporter-output>
          </reporter-output>
        </test-method> <!-- tearDown -->
      </class> <!-- tests.DashboardValidationTest -->
      <class name="tests.LogoutTest">
        <test-method is-config="true" signature="setUp()[pri:0, instance:tests.LogoutTest@5223e5ee]" started-at="2025-12-15T23:42:07 IST" name="setUp" finished-at="2025-12-15T23:42:08 IST" duration-ms="1037" status="PASS">
          <reporter-output>
          </reporter-output>
        </test-method> <!-- setUp -->
        <test-method signature="logoutTest()[pri:0, instance:tests.LogoutTest@5223e5ee]" started-at="2025-12-15T23:42:08 IST" name="logoutTest" finished-at="2025-12-15T23:42:52 IST" duration-ms="43846" status="PASS">
          <reporter-output>
          </reporter-output>
        </test-method> <!-- logoutTest -->
        <test-method is-config="true" signature="tearDown()[pri:0, instance:tests.LogoutTest@5223e5ee]" started-at="2025-12-15T23:42:52 IST" name="tearDown" finished-at="2025-12-15T23:42:52 IST" duration-ms="109" status="PASS">
          <reporter-output>
          </reporter-output>
        </test-method> <!-- tearDown -->
      </class> <!-- tests.LogoutTest -->
      <class name="tests.InvalidLoginTest">
        <test-method is-config="true" signature="setUp()[pri:0, instance:tests.InvalidLoginTest@78b66d36]" started-at="2025-12-15T23:41:21 IST" name="setUp" finished-at="2025-12-15T23:41:22 IST" duration-ms="1037" status="PASS">
          <reporter-output>
          </reporter-output>
        </test-method> <!-- setUp -->
        <test-method signature="invalidLoginTest()[pri:0, instance:tests.InvalidLoginTest@78b66d36]" started-at="2025-12-15T23:41:22 IST" name="invalidLoginTest" finished-at="2025-12-15T23:42:07 IST" duration-ms="45457" status="PASS">
          <reporter-output>
          </reporter-output>
        </test-method> <!-- invalidLoginTest -->
        <test-method is-config="true" signature="tearDown()[pri:0, instance:tests.InvalidLoginTest@78b66d36]" started-at="2025-12-15T23:42:07 IST" name="tearDown" finished-at="2025-12-15T23:42:07 IST" duration-ms="108" status="PASS">
          <reporter-output>
          </reporter-output>
        </test-method> <!-- tearDown -->
      </class> <!-- tests.InvalidLoginTest -->
    </test> <!-- Demo Tests -->
  </suite> <!-- SeleniumJavaTestNGDemo Suite -->
</testng-results>
