<?xml version="1.0" encoding="UTF-8"?>
<!-- Generated by org.testng.reporters.JUnitXMLReporter -->
<testsuite ignored="0" hostname="Meenus-MacBook-Air.local" failures="0" tests="5" name="Demo Tests" time="268.138" errors="0" timestamp="2025-12-15T23:45:01 IST">
  <testcase classname="tests.LoginTest" name="validLoginTest" time="46.31"/>
  <testcase classname="tests.InvalidLoginTest" name="invalidLoginTest" time="45.457"/>
  <testcase classname="tests.LogoutTest" name="logoutTest" time="43.846"/>
  <testcase classname="tests.PIMAddEmployeeTest" name="addEmployeeTest" time="79.818"/>
  <testcase classname="tests.DashboardValidationTest" name="dashboardTitleTest" time="46.145"/>
</testsuite> <!-- Demo Tests -->
